#
# A fatal error has been detected by the Java Runtime Environment:
#
#  Internal Error (classFileParser.cpp:3470), pid=3520, tid=4856
#  Error: ShouldNotReachHere()
#
# JRE version: 7.0-b147
# Java VM: Java HotSpot(TM) 64-Bit Server VM (21.0-b17 mixed mode windows-amd64 compressed oops)
# Failed to write core dump. Minidumps are not enabled by default on client versions of Windows
#
# If you would like to submit a bug report, please visit:
#   http://bugreport.sun.com/bugreport/crash.jsp
#

---------------  T H R E A D  ---------------

Current thread (0x000000000237b000):  JavaThread "Unknown thread" [_thread_in_vm, id=4856, stack(0x0000000002590000,0x0000000002690000)]

Stack: [0x0000000002590000,0x0000000002690000]

---------------  P R O C E S S  ---------------

Java Threads: ( => current thread )

Other Threads:

=>0x000000000237b000 (exited) JavaThread "Unknown thread" [_thread_in_vm, id=4856, stack(0x0000000002590000,0x0000000002690000)]

VM state:not at safepoint (not fully initialized)

VM Mutex/Monitor currently owned by a thread: None

Dynamic libraries:
0x000000013fce0000 - 0x000000013fd13000 	D:\eclipse\eclipse\bin\javaw.exe
0x0000000077130000 - 0x00000000772d9000 	C:\windows\SYSTEM32\ntdll.dll
0x0000000076ba0000 - 0x0000000076cbf000 	C:\windows\system32\kernel32.dll
0x000007fefcdd0000 - 0x000007fefce3c000 	C:\windows\system32\KERNELBASE.dll
0x000007fefe4e0000 - 0x000007fefe5bb000 	C:\windows\system32\ADVAPI32.dll
0x000007fefe270000 - 0x000007fefe30f000 	C:\windows\system32\msvcrt.dll
0x000007fefe900000 - 0x000007fefe91f000 	C:\windows\SYSTEM32\sechost.dll
0x000007fefe7d0000 - 0x000007fefe8fd000 	C:\windows\system32\RPCRT4.dll
0x0000000076ed0000 - 0x0000000076fca000 	C:\windows\system32\USER32.dll
0x000007fefd1b0000 - 0x000007fefd217000 	C:\windows\system32\GDI32.dll
0x000007fefe6e0000 - 0x000007fefe6ee000 	C:\windows\system32\LPK.dll
0x000007fefe3c0000 - 0x000007fefe489000 	C:\windows\system32\USP10.dll
0x000007fefa360000 - 0x000007fefa554000 	C:\windows\WinSxS\amd64_microsoft.windows.common-controls_6595b64144ccf1df_6.0.7601.17514_none_fa396087175ac9ac\COMCTL32.dll
0x000007fefd130000 - 0x000007fefd1a1000 	C:\windows\system32\SHLWAPI.dll
0x000007fefe390000 - 0x000007fefe3be000 	C:\windows\system32\IMM32.DLL
0x000007fefce40000 - 0x000007fefcf49000 	C:\windows\system32\MSCTF.dll
0x0000000061d30000 - 0x0000000061e01000 	D:\eclipse\eclipse\bin\msvcr100.dll
0x0000000061660000 - 0x0000000061d2e000 	D:\eclipse\eclipse\bin\server\jvm.dll
0x000007fef4660000 - 0x000007fef4669000 	C:\windows\system32\WSOCK32.dll
0x000007fefe490000 - 0x000007fefe4dd000 	C:\windows\system32\WS2_32.dll
0x000007fefd4d0000 - 0x000007fefd4d8000 	C:\windows\system32\NSI.dll
0x000007fef8910000 - 0x000007fef894b000 	C:\windows\system32\WINMM.dll
0x00000000772f0000 - 0x00000000772f7000 	C:\windows\system32\PSAPI.DLL
0x0000000061ee0000 - 0x0000000061eef000 	D:\eclipse\eclipse\bin\verify.dll
0x0000000061eb0000 - 0x0000000061ed8000 	D:\eclipse\eclipse\bin\java.dll
0x0000000061e90000 - 0x0000000061ea5000 	D:\eclipse\eclipse\bin\zip.dll

VM Arguments:
jvm_args: -Dfile.encoding=Cp1252 -Xbootclasspath:D:\Android\android-sdk\platforms\android-7\android.jar 
java_command: no.ntnu.tdt4240.models.GameBoard
Launcher Type: SUN_STANDARD

Environment Variables:
PATH=C:\Program Files\Common Files\Microsoft Shared\Windows Live;C:\Program Files (x86)\Common Files\Microsoft Shared\Windows Live;C:\Program Files (x86)\NVIDIA Corporation\PhysX\Common;C:\windows\system32;C:\windows;C:\windows\System32\Wbem;C:\windows\System32\WindowsPowerShell\v1.0\;C:\Program Files (x86)\Windows Live\Shared;C:\Program Files (x86)\Mozart\bin;
USERNAME=randomguy
OS=Windows_NT
PROCESSOR_IDENTIFIER=Intel64 Family 6 Model 42 Stepping 7, GenuineIntel



---------------  S Y S T E M  ---------------

OS: Windows 7 , 64 bit Build 7601 Service Pack 1

CPU:total 8 (4 cores per cpu, 2 threads per core) family 6 model 42 stepping 7, cmov, cx8, fxsr, mmx, sse, sse2, sse3, ssse3, sse4.1, sse4.2, popcnt, ht

Memory: 4k page, physical 8365420k(6097868k free), swap 16728988k(13990100k free)

vm_info: Java HotSpot(TM) 64-Bit Server VM (21.0-b17) for windows-amd64 JRE (1.7.0-b147), built on Jun 27 2011 02:19:45 by "java_re" with unknown MS VC++:1600

time: Thu Mar 15 11:30:13 2012
elapsed time: 0 seconds

